<?xml version="1.0" encoding="UTF-8"?>
<testng-results ignored="0" total="8" passed="8" failed="0" skipped="0">
  <reporter-output>
  </reporter-output>
  <suite started-at="2021-04-12T19:53:40Z" name="All Test Suite" finished-at="2021-04-12T19:56:15Z" duration-ms="154873">
    <groups>
    </groups>
    <test started-at="2021-04-12T19:53:40Z" name="/Users/sangeethanagarathinam/IdeaProjects/SpreeAutomation" finished-at="2021-04-12T19:56:15Z" duration-ms="154873">
      <class name="com.automation.testcases.HomePageTest">
        <test-method is-config="true" signature="TestBase()[pri:0, instance:com.automation.testcases.HomePageTest@53251a66]" started-at="2021-04-12T19:53:40Z" name="TestBase" finished-at="2021-04-12T19:53:40Z" duration-ms="16" status="PASS">
          <reporter-output>
          </reporter-output>
        </test-method> <!-- TestBase -->
        <test-method is-config="true" signature="setUp()[pri:0, instance:com.automation.testcases.HomePageTest@53251a66]" started-at="2021-04-12T19:53:40Z" name="setUp" finished-at="2021-04-12T19:53:57Z" duration-ms="17512" status="PASS">
          <reporter-output>
          </reporter-output>
        </test-method> <!-- setUp -->
        <test-method signature="checkLinksEnabledInFooter()[pri:0, instance:com.automation.testcases.HomePageTest@53251a66]" started-at="2021-04-12T19:53:57Z" name="checkLinksEnabledInFooter" finished-at="2021-04-12T19:54:05Z" duration-ms="7941" status="PASS">
          <reporter-output>
          </reporter-output>
        </test-method> <!-- checkLinksEnabledInFooter -->
        <test-method is-config="true" signature="tearDown()[pri:0, instance:com.automation.testcases.HomePageTest@53251a66]" started-at="2021-04-12T19:54:05Z" name="tearDown" finished-at="2021-04-12T19:54:06Z" duration-ms="988" status="PASS">
          <reporter-output>
          </reporter-output>
        </test-method> <!-- tearDown -->
        <test-method is-config="true" signature="setUp()[pri:0, instance:com.automation.testcases.HomePageTest@53251a66]" started-at="2021-04-12T19:54:06Z" name="setUp" finished-at="2021-04-12T19:54:20Z" duration-ms="13899" status="PASS">
          <reporter-output>
          </reporter-output>
        </test-method> <!-- setUp -->
        <test-method signature="numberOfLinksInFooter()[pri:0, instance:com.automation.testcases.HomePageTest@53251a66]" started-at="2021-04-12T19:54:20Z" name="numberOfLinksInFooter" finished-at="2021-04-12T19:54:20Z" duration-ms="91" status="PASS">
          <reporter-output>
          </reporter-output>
        </test-method> <!-- numberOfLinksInFooter -->
        <test-method is-config="true" signature="tearDown()[pri:0, instance:com.automation.testcases.HomePageTest@53251a66]" started-at="2021-04-12T19:54:20Z" name="tearDown" finished-at="2021-04-12T19:54:21Z" duration-ms="703" status="PASS">
          <reporter-output>
          </reporter-output>
        </test-method> <!-- tearDown -->
        <test-method is-config="true" signature="setUp()[pri:0, instance:com.automation.testcases.HomePageTest@53251a66]" started-at="2021-04-12T19:54:22Z" name="setUp" finished-at="2021-04-12T19:54:34Z" duration-ms="12586" status="PASS">
          <reporter-output>
          </reporter-output>
        </test-method> <!-- setUp -->
        <test-method signature="searchAndCompareProduct(java.lang.String)[pri:0, instance:com.automation.testcases.HomePageTest@53251a66]" started-at="2021-04-12T19:54:34Z" name="searchAndCompareProduct" data-provider="compare" finished-at="2021-04-12T19:54:44Z" duration-ms="9569" status="PASS">
          <params>
            <param index="0">
              <value>
                <![CDATA[Printed ]]>
              </value>
            </param>
          </params>
          <reporter-output>
          </reporter-output>
        </test-method> <!-- searchAndCompareProduct -->
        <test-method is-config="true" signature="tearDown()[pri:0, instance:com.automation.testcases.HomePageTest@53251a66]" started-at="2021-04-12T19:54:44Z" name="tearDown" finished-at="2021-04-12T19:54:45Z" duration-ms="769" status="PASS">
          <reporter-output>
          </reporter-output>
        </test-method> <!-- tearDown -->
        <test-method is-config="true" signature="setUp()[pri:0, instance:com.automation.testcases.HomePageTest@53251a66]" started-at="2021-04-12T19:54:45Z" name="setUp" finished-at="2021-04-12T19:54:57Z" duration-ms="12618" status="PASS">
          <reporter-output>
          </reporter-output>
        </test-method> <!-- setUp -->
        <test-method signature="searchByProductName(java.lang.String)[pri:0, instance:com.automation.testcases.HomePageTest@53251a66]" started-at="2021-04-12T19:54:57Z" name="searchByProductName" data-provider="search" finished-at="2021-04-12T19:55:00Z" duration-ms="2668" status="PASS">
          <params>
            <param index="0">
              <value>
                <![CDATA[Faded Short Sleeve T-shirts]]>
              </value>
            </param>
          </params>
          <reporter-output>
          </reporter-output>
        </test-method> <!-- searchByProductName -->
        <test-method is-config="true" signature="tearDown()[pri:0, instance:com.automation.testcases.HomePageTest@53251a66]" started-at="2021-04-12T19:55:00Z" name="tearDown" finished-at="2021-04-12T19:55:01Z" duration-ms="758" status="PASS">
          <reporter-output>
          </reporter-output>
        </test-method> <!-- tearDown -->
        <test-method is-config="true" signature="setUp()[pri:0, instance:com.automation.testcases.HomePageTest@53251a66]" started-at="2021-04-12T19:55:01Z" name="setUp" finished-at="2021-04-12T19:55:13Z" duration-ms="12122" status="PASS">
          <reporter-output>
          </reporter-output>
        </test-method> <!-- setUp -->
        <test-method signature="searchByProductName(java.lang.String)[pri:0, instance:com.automation.testcases.HomePageTest@53251a66]" started-at="2021-04-12T19:55:13Z" name="searchByProductName" data-provider="search" finished-at="2021-04-12T19:55:16Z" duration-ms="3392" status="PASS">
          <params>
            <param index="0">
              <value>
                <![CDATA[Blouse]]>
              </value>
            </param>
          </params>
          <reporter-output>
          </reporter-output>
        </test-method> <!-- searchByProductName -->
        <test-method is-config="true" signature="tearDown()[pri:0, instance:com.automation.testcases.HomePageTest@53251a66]" started-at="2021-04-12T19:55:16Z" name="tearDown" finished-at="2021-04-12T19:55:17Z" duration-ms="702" status="PASS">
          <reporter-output>
          </reporter-output>
        </test-method> <!-- tearDown -->
        <test-method is-config="true" signature="setUp()[pri:0, instance:com.automation.testcases.HomePageTest@53251a66]" started-at="2021-04-12T19:55:17Z" name="setUp" finished-at="2021-04-12T19:55:29Z" duration-ms="11884" status="PASS">
          <reporter-output>
          </reporter-output>
        </test-method> <!-- setUp -->
        <test-method signature="signInWithValidUser()[pri:0, instance:com.automation.testcases.HomePageTest@53251a66]" started-at="2021-04-12T19:55:29Z" name="signInWithValidUser" finished-at="2021-04-12T19:55:32Z" duration-ms="3527" status="PASS">
          <reporter-output>
          </reporter-output>
        </test-method> <!-- signInWithValidUser -->
        <test-method is-config="true" signature="tearDown()[pri:0, instance:com.automation.testcases.HomePageTest@53251a66]" started-at="2021-04-12T19:55:32Z" name="tearDown" finished-at="2021-04-12T19:55:33Z" duration-ms="700" status="PASS">
          <reporter-output>
          </reporter-output>
        </test-method> <!-- tearDown -->
      </class> <!-- com.automation.testcases.HomePageTest -->
      <class name="com.automation.testcases.LoginPageTest">
        <test-method is-config="true" signature="TestBase()[pri:0, instance:com.automation.testcases.LoginPageTest@6853425f]" started-at="2021-04-12T19:55:33Z" name="TestBase" finished-at="2021-04-12T19:55:33Z" duration-ms="0" status="PASS">
          <reporter-output>
          </reporter-output>
        </test-method> <!-- TestBase -->
        <test-method is-config="true" signature="setUp()[pri:0, instance:com.automation.testcases.LoginPageTest@6853425f]" started-at="2021-04-12T19:55:33Z" name="setUp" finished-at="2021-04-12T19:55:43Z" duration-ms="10532" status="PASS">
          <reporter-output>
          </reporter-output>
        </test-method> <!-- setUp -->
        <test-method signature="loginWithInvalidUser(java.lang.String, java.lang.String)[pri:0, instance:com.automation.testcases.LoginPageTest@6853425f]" started-at="2021-04-12T19:55:43Z" name="loginWithInvalidUser" data-provider="inValidUser" finished-at="2021-04-12T19:55:50Z" duration-ms="6307" status="PASS">
          <params>
            <param index="0">
              <value>
                <![CDATA[automation@outlook.com]]>
              </value>
            </param>
            <param index="1">
              <value>
                <![CDATA[pasword@111]]>
              </value>
            </param>
          </params>
          <reporter-output>
          </reporter-output>
        </test-method> <!-- loginWithInvalidUser -->
        <test-method is-config="true" signature="tearDown()[pri:0, instance:com.automation.testcases.LoginPageTest@6853425f]" started-at="2021-04-12T19:55:50Z" name="tearDown" finished-at="2021-04-12T19:55:51Z" duration-ms="791" status="PASS">
          <reporter-output>
          </reporter-output>
        </test-method> <!-- tearDown -->
        <test-method is-config="true" signature="setUp()[pri:0, instance:com.automation.testcases.LoginPageTest@6853425f]" started-at="2021-04-12T19:55:51Z" name="setUp" finished-at="2021-04-12T19:56:04Z" duration-ms="13106" status="PASS">
          <reporter-output>
          </reporter-output>
        </test-method> <!-- setUp -->
        <test-method signature="loginWithValidUser(java.lang.String, java.lang.String)[pri:0, instance:com.automation.testcases.LoginPageTest@6853425f]" started-at="2021-04-12T19:56:04Z" name="loginWithValidUser" data-provider="validUser" finished-at="2021-04-12T19:56:14Z" duration-ms="10362" status="PASS">
          <params>
            <param index="0">
              <value>
                <![CDATA[automationpractise@outlook.com]]>
              </value>
            </param>
            <param index="1">
              <value>
                <![CDATA[Automation@123]]>
              </value>
            </param>
          </params>
          <reporter-output>
          </reporter-output>
        </test-method> <!-- loginWithValidUser -->
        <test-method is-config="true" signature="tearDown()[pri:0, instance:com.automation.testcases.LoginPageTest@6853425f]" started-at="2021-04-12T19:56:14Z" name="tearDown" finished-at="2021-04-12T19:56:15Z" duration-ms="730" status="PASS">
          <reporter-output>
          </reporter-output>
        </test-method> <!-- tearDown -->
      </class> <!-- com.automation.testcases.LoginPageTest -->
    </test> <!-- /Users/sangeethanagarathinam/IdeaProjects/SpreeAutomation -->
  </suite> <!-- All Test Suite -->
</testng-results>
