<?xml version="1.0" encoding="UTF-8"?>
<!-- Generated by org.testng.reporters.JUnitXMLReporter -->
<testsuite ignored="0" hostname="LAPTOP-PCUIE87U" failures="0" tests="8" name="/Users/sangeethanagarathinam/IdeaProjects/SpreeAutomation" time="154.873" errors="0" timestamp="12 Apr 2021 19:56:15 GMT">
  <testcase classname="com.automation.testcases.HomePageTest" name="checkLinksEnabledInFooter" time="7.941"/>
  <testcase classname="com.automation.testcases.HomePageTest" name="numberOfLinksInFooter" time="0.091"/>
  <testcase classname="com.automation.testcases.HomePageTest" name="searchAndCompareProduct" time="9.569"/>
  <testcase classname="com.automation.testcases.HomePageTest" name="searchByProductName" time="2.668"/>
  <testcase classname="com.automation.testcases.HomePageTest" name="searchByProductName" time="3.392"/>
  <testcase classname="com.automation.testcases.HomePageTest" name="signInWithValidUser" time="3.527"/>
  <testcase classname="com.automation.testcases.LoginPageTest" name="loginWithInvalidUser" time="6.307"/>
  <testcase classname="com.automation.testcases.LoginPageTest" name="loginWithValidUser" time="10.362"/>
</testsuite> <!-- /Users/sangeethanagarathinam/IdeaProjects/SpreeAutomation -->
